android/proguard/mapping.txt
com.mzinck.blockjump.android.AndroidLauncher -> com.mzinck.blockjump.android.AndroidLauncher:
    com.google.android.gms.ads.AdView adView -> b
    android.widget.RelativeLayout$LayoutParams layoutParams -> c
    com.google.android.gms.ads.AdRequest$1 adRequestBuilder$27a02015 -> d
    android.os.Handler handler -> e
    void onCreate(android.os.Bundle) -> onCreate
    void onResume() -> onResume
    void onPause() -> onPause
    void onDestroy() -> onDestroy
    void showAds() -> j
    void hideAds() -> k
    com.google.android.gms.ads.AdView access$0(com.mzinck.blockjump.android.AndroidLauncher) -> a
    com.google.android.gms.ads.AdRequest$1 access$1$2ff6391b(com.mzinck.blockjump.android.AndroidLauncher) -> b
com.mzinck.blockjump.android.AndroidLauncher$1 -> com.mzinck.blockjump.android.a:
    com.mzinck.blockjump.android.AndroidLauncher this$0 -> a
    void handleMessage(android.os.Message) -> handleMessage
...
com.badlogic.gdx.graphics.g2d.Batch -> com.a.a.e.a.a:
    void begin() -> b
    void end() -> c
    void setColor(float,float,float,float) -> a
    com.badlogic.gdx.graphics.Color getColor() -> d
    void draw(com.badlogic.gdx.graphics.Texture,float,float,float,float,float,float,float,float) -> a
    void draw(com.badlogic.gdx.graphics.Texture,float[],int,int) -> a
    void draw(com.badlogic.gdx.graphics.g2d.TextureRegion,float,float,float,float) -> a
    void flush() -> e
    com.badlogic.gdx.math.Matrix4 getTransformMatrix() -> f
    void setProjectionMatrix(com.badlogic.gdx.math.Matrix4) -> a
    void setTransformMatrix(com.badlogic.gdx.math.Matrix4) -> b
com.badlogic.gdx.graphics.g2d.BitmapFont -> com.a.a.e.a.b:
    char[] xChars -> a
    char[] capChars -> b
    com.badlogic.gdx.graphics.g2d.BitmapFont$BitmapFontData data -> c
    com.badlogic.gdx.graphics.g2d.TextureRegion[] regions -> d
    com.badlogic.gdx.graphics.g2d.BitmapFontCache cache -> e
    boolean flipped -> f
    boolean integer -> g
    boolean ownsTexture -> h
    void load(com.badlogic.gdx.graphics.g2d.BitmapFont$BitmapFontData) -> a
    com.badlogic.gdx.graphics.g2d.BitmapFont$TextBounds draw(com.badlogic.gdx.graphics.g2d.Batch,java.lang.CharSequence,float,float) -> a
    com.badlogic.gdx.graphics.g2d.BitmapFont$TextBounds draw(com.badlogic.gdx.graphics.g2d.Batch,java.lang.CharSequence,float,float,int,int) -> a
    com.badlogic.gdx.graphics.g2d.BitmapFont$TextBounds getBounds(java.lang.CharSequence) -> a
    com.badlogic.gdx.graphics.g2d.BitmapFont$TextBounds getBounds(java.lang.CharSequence,int,int) -> a
    com.badlogic.gdx.graphics.g2d.BitmapFont$TextBounds getBounds(java.lang.CharSequence,int,int,com.badlogic.gdx.graphics.g2d.BitmapFont$TextBounds) -> a
    com.badlogic.gdx.graphics.g2d.BitmapFont$TextBounds getMultiLineBounds(java.lang.CharSequence) -> b
    void computeGlyphAdvancesAndPositions(java.lang.CharSequence,com.badlogic.gdx.utils.FloatArray,com.badlogic.gdx.utils.FloatArray) -> a
    void setColor(float,float,float,float) -> a
    void setScale(float,float) -> a
    void setScale(float) -> a
    float getScaleX() -> b
com.badlogic.gdx.graphics.g2d.BitmapFont$BitmapFontData -> com.a.a.e.a.c:
    java.lang.String imagePath -> n
    java.lang.String[] imagePaths -> a
    com.badlogic.gdx.files.FileHandle fontFile -> b
    boolean flipped -> c
    float lineHeight -> d
    float capHeight -> e
    float ascent -> f
    float descent -> g
    float down -> h
    float scaleX -> i
    float scaleY -> j
    com.badlogic.gdx.graphics.g2d.BitmapFont$Glyph[][] glyphs -> k
    float spaceWidth -> l
    float xHeight -> m
    void setGlyph(int,com.badlogic.gdx.graphics.g2d.BitmapFont$Glyph) -> a
    com.badlogic.gdx.graphics.g2d.BitmapFont$Glyph getFirstGlyph() -> a
    com.badlogic.gdx.graphics.g2d.BitmapFont$Glyph getGlyph(char) -> a
com.badlogic.gdx.graphics.g2d.BitmapFont$Glyph -> com.a.a.e.a.d:
    int srcX -> a
    int srcY -> b
    int width -> c
    int height -> d
    float u -> e
    float v -> f
    float u2 -> g
    float v2 -> h
    int xoffset -> i
    int yoffset -> j
    int xadvance -> k
    byte[][] kerning -> l
    int page -> m
    int getKerning(char) -> a
com.badlogic.gdx.graphics.g2d.BitmapFont$HAlignment -> com.a.a.e.a.e:
    com.badlogic.gdx.graphics.g2d.BitmapFont$HAlignment LEFT -> a
    com.badlogic.gdx.graphics.g2d.BitmapFont$HAlignment CENTER -> b
    com.badlogic.gdx.graphics.g2d.BitmapFont$HAlignment RIGHT -> c
com.badlogic.gdx.graphics.g2d.BitmapFont$TextBounds -> com.a.a.e.a.f:
    float width -> a
    float height -> b