android/proguard/usage.txt
com.mzinck.blockjump.android.AndroidLauncher:
    private static final java.lang.String AD_UNIT_ID
    127:128:public void destroyAds()
com.mzinck.blockjump.android.BuildConfig
com.mzinck.blockjump.android.R
com.mzinck.blockjump.android.R$attr
com.mzinck.blockjump.android.R$color
com.mzinck.blockjump.android.R$drawable
com.mzinck.blockjump.android.R$id
com.mzinck.blockjump.android.R$integer
com.mzinck.blockjump.android.R$raw
com.mzinck.blockjump.android.R$string
com.mzinck.blockjump.android.R$style
com.mzinck.blockjump.android.R$styleable
...
com.google.android.gms.internal.hn
com.google.android.gms.internal.ho
com.google.android.gms.internal.hp
com.google.android.gms.internal.hp$a
com.google.android.gms.internal.hq
com.google.android.gms.internal.hr
com.google.android.gms.internal.hs
com.google.android.gms.internal.ht
com.google.android.gms.internal.hu
com.google.android.gms.internal.hu$a
com.google.android.gms.internal.hu$a$a
com.google.android.gms.internal.hv
com.google.android.gms.internal.hv$a
com.google.android.gms.internal.hv$a$a
com.google.android.gms.internal.hw
com.google.android.gms.internal.hx
com.google.android.gms.internal.hy
com.google.android.gms.internal.hz
com.google.android.gms.internal.hz$1
com.google.android.gms.internal.hz$a
com.google.android.gms.internal.hz$b
com.google.android.gms.internal.hz$c
com.google.android.gms.internal.hz$d
com.google.android.gms.internal.ia
com.google.android.gms.internal.ib
com.google.android.gms.internal.ib$a
com.google.android.gms.internal.ib$b
com.google.android.gms.internal.ib$c
com.google.android.gms.internal.ib$d
com.google.android.gms.internal.ib$e
com.google.android.gms.internal.ib$f
com.google.android.gms.internal.ib$g
com.google.android.gms.internal.ic
com.google.android.gms.internal.ic$a
com.google.android.gms.internal.ic$a$a
com.google.android.gms.internal.id
com.google.android.gms.internal.id$a
com.google.android.gms.internal.id$a$a
com.google.android.gms.internal.ie
com.google.android.gms.internal.if
com.google.android.gms.internal.ig
com.google.android.gms.internal.ih
com.google.android.gms.internal.ih$a
com.google.android.gms.internal.ih$a$a
com.google.android.gms.internal.ii
com.google.android.gms.internal.ij
com.google.android.gms.internal.ik
com.google.android.gms.internal.il
com.google.android.gms.internal.im
com.google.android.gms.internal.im$1
com.google.android.gms.internal.im$a
com.google.android.gms.internal.im$b
com.google.android.gms.internal.im$c
com.google.android.gms.internal.im$c$1
com.google.android.gms.internal.im$c$2
com.google.android.gms.internal.im$c$3
com.google.android.gms.internal.im$c$4
com.google.android.gms.internal.in
com.google.android.gms.internal.io
com.google.android.gms.internal.ip
com.google.android.gms.internal.iq
com.google.android.gms.internal.iq$a
com.google.android.gms.internal.iq$a$a
com.google.android.gms.internal.ir
com.google.android.gms.internal.ir$a
com.google.android.gms.internal.is
com.google.android.gms.internal.it
com.google.android.gms.internal.it$1
com.google.android.gms.internal.it$a
com.google.android.gms.internal.iu
com.google.android.gms.internal.iv
com.google.android.gms.internal.iw
com.google.android.gms.internal.ix
com.google.android.gms.internal.iz
com.google.android.gms.internal.iz$1
com.google.android.gms.internal.iz$a
com.google.android.gms.internal.iz$a$a
com.google.android.gms.internal.iz$b
com.google.android.gms.internal.ja
com.google.android.gms.internal.jb
com.google.android.gms.internal.jb$a
com.google.android.gms.internal.jc
com.google.android.gms.internal.jc$a
com.google.android.gms.internal.jd
com.google.android.gms.internal.je
com.google.android.gms.internal.jg
com.google.android.gms.internal.jg$a
com.google.android.gms.internal.jh
com.google.android.gms.internal.ji
com.google.android.gms.internal.jj:
    public jj(int)
    public com.google.android.gms.internal.jj aX(java.lang.String)
    public com.google.android.gms.internal.jj a(com.google.android.gms.internal.jq)
    public com.google.android.gms.internal.jj a(com.google.android.gms.common.api.Scope[])
    public com.google.android.gms.internal.jj e(android.os.Bundle)